<?xml version="1.0" encoding="UTF-8"?>
<!-- Generated by org.testng.reporters.JUnitXMLReporter -->
<testsuite ignored="18" hostname="IN-380D5S3" failures="2" tests="2" name="Regression Tests" time="0.876" errors="0" timestamp="2024-05-24T21:54:50 IST">
  <testcase classname="tests.LoginTest" name="testLogin" time="0.009">
    <failure type="java.lang.NullPointerException" message="Cannot invoke &amp;quot;com.aventstack.extentreports.ExtentReports.createTest(String)&amp;quot; because &amp;quot;tests.LoginTest.extent&amp;quot; is null">
      <![CDATA[java.lang.NullPointerException: Cannot invoke "com.aventstack.extentreports.ExtentReports.createTest(String)" because "tests.LoginTest.extent" is null
at tests.LoginTest.testLogin(LoginTest.java:21)
at java.base/java.util.ArrayList.forEach(ArrayList.java:1511)
... Removed 27 stack frames]]>
    </failure>
  </testcase> <!-- testLogin -->
  <testcase classname="tests.AddtocartTest" name="testSearch" time="0.001">
    <failure type="java.lang.NullPointerException" message="Cannot invoke &amp;quot;com.aventstack.extentreports.ExtentReports.createTest(String)&amp;quot; because &amp;quot;tests.AddtocartTest.extent&amp;quot; is null">
      <![CDATA[java.lang.NullPointerException: Cannot invoke "com.aventstack.extentreports.ExtentReports.createTest(String)" because "tests.AddtocartTest.extent" is null
at tests.AddtocartTest.testSearch(AddtocartTest.java:23)
at java.base/java.util.ArrayList.forEach(ArrayList.java:1511)
... Removed 27 stack frames]]>
    </failure>
  </testcase> <!-- testSearch -->
  <testcase classname="tests.TestScenario4" name="testCancellation" time="0.0">
    <ignored/>
  </testcase> <!-- testCancellation -->
  <testcase classname="tests.TestScenario3" name="testTermsOfUseLink" time="0.0">
    <ignored/>
  </testcase> <!-- testTermsOfUseLink -->
  <testcase classname="tests.SellerTestPage" name="testSellerPage" time="0.0">
    <ignored/>
  </testcase> <!-- testSellerPage -->
  <testcase classname="tests.TestScenario4" name="testBackToTome" time="0.0">
    <ignored/>
  </testcase> <!-- testBackToTome -->
  <testcase classname="tests.TestScenario4" name="testGiftCards" time="0.0">
    <ignored/>
  </testcase> <!-- testGiftCards -->
  <testcase classname="tests.TestScenario4" name="testSearch" time="0.0">
    <ignored/>
  </testcase> <!-- testSearch -->
  <testcase classname="tests.GroceryTestPage" name="testGroceryPage" time="0.0">
    <ignored/>
  </testcase> <!-- testGroceryPage -->
  <testcase classname="tests.TravelTestPage" name="testTravelPage" time="0.0">
    <ignored/>
  </testcase> <!-- testTravelPage -->
  <testcase classname="tests.MobilePageTest" name="testMobilePage" time="0.0">
    <ignored/>
  </testcase> <!-- testMobilePage -->
  <testcase classname="tests.TestScenario3" name="testShopsy" time="0.0">
    <ignored/>
  </testcase> <!-- testShopsy -->
  <testcase classname="tests.AppliancesTestPage" name="testAppliancesPage" time="0.0">
    <ignored/>
  </testcase> <!-- testAppliancesPage -->
  <testcase classname="tests.TestScenario4" name="testClearTrip" time="0.0">
    <ignored/>
  </testcase> <!-- testClearTrip -->
  <testcase classname="tests.SignupTest" name="testSignUp" time="0.0">
    <ignored/>
  </testcase> <!-- testSignUp -->
  <testcase classname="tests.ViewCartTest" name="testViewCartPage" time="0.0">
    <ignored/>
  </testcase> <!-- testViewCartPage -->
  <testcase classname="tests.TestScenario3" name="testNotification" time="0.0">
    <ignored/>
  </testcase> <!-- testNotification -->
  <testcase classname="tests.TestScenario3" name="testMyntraPage" time="0.0">
    <ignored/>
  </testcase> <!-- testMyntraPage -->
  <testcase classname="tests.TestScenario3" name="testOfferZone" time="0.0">
    <ignored/>
  </testcase> <!-- testOfferZone -->
  <testcase classname="tests.SearchProduct" name="testSearch" time="0.0">
    <ignored/>
  </testcase> <!-- testSearch -->
</testsuite> <!-- Regression Tests -->
