<?xml version="1.0" encoding="UTF-8"?>
<!-- Generated by org.testng.reporters.JUnitXMLReporter -->
<testsuite ignored="24" hostname="IN-B10D5S3" failures="0" tests="20" name="Test" time="637.739" errors="0" timestamp="2024-06-12T21:31:38 IST">
  <testcase classname="tests.GroceryTestPage" name="testGroceryPage" time="24.213"/>
  <testcase classname="tests.MobilePageTest" name="testMobilePage" time="20.391"/>
  <testcase classname="tests.SellerTestPage" name="testSellerPage" time="64.904"/>
  <testcase classname="tests.SignupTest" name="testSignUp" time="20.659"/>
  <testcase classname="tests.ViewCartTest" name="testViewCartPage" time="18.971"/>
  <testcase classname="tests.TravelTestPage" name="testTravelPage" time="20.448"/>
  <testcase classname="tests.AppliancesTestPage" name="testAppliancesPage" time="20.925"/>
  <testcase classname="tests.LoginTest" name="testLogin" time="21.614"/>
  <testcase classname="tests.TestScenario4" name="testSearch" time="34.429"/>
  <testcase classname="tests.TestScenario4" name="testBackToTome" time="20.202"/>
  <testcase classname="tests.TestScenario4" name="testClearTrip" time="17.108"/>
  <testcase classname="tests.TestScenario4" name="testGiftCards" time="21.805"/>
  <testcase classname="tests.TestScenario4" name="testCancellation" time="20.025"/>
  <testcase classname="tests.TestScenario3" name="testShopsy" time="49.322"/>
  <testcase classname="tests.TestScenario3" name="testNotification" time="21.577"/>
  <testcase classname="tests.TestScenario3" name="testMyntraPage" time="17.871"/>
  <testcase classname="tests.TestScenario3" name="testTermsOfUseLink" time="18.246"/>
  <testcase classname="tests.TestScenario3" name="testOfferZone" time="22.832"/>
  <testcase classname="tests.AddtocartTest" name="testSearch" time="64.703"/>
  <testcase classname="tests.SearchProduct" name="testSearch" time="35.356"/>
  <testcase classname="Pages.TestBase" name="@BeforeSuite beforeSuite" time="0.0">
    <ignored/>
  </testcase> <!-- @BeforeSuite beforeSuite -->
  <testcase classname="Pages.TestBase" name="@BeforeSuite beforeSuite" time="0.0">
    <ignored/>
  </testcase> <!-- @BeforeSuite beforeSuite -->
  <testcase classname="Pages.TestBase" name="@BeforeSuite beforeSuite" time="0.0">
    <ignored/>
  </testcase> <!-- @BeforeSuite beforeSuite -->
  <testcase classname="Pages.TestBase" name="@BeforeSuite beforeSuite" time="0.0">
    <ignored/>
  </testcase> <!-- @BeforeSuite beforeSuite -->
  <testcase classname="Pages.TestBase" name="@AfterSuite afterSuite" time="0.0">
    <ignored/>
  </testcase> <!-- @AfterSuite afterSuite -->
  <testcase classname="Pages.TestBase" name="@AfterSuite afterSuite" time="0.0">
    <ignored/>
  </testcase> <!-- @AfterSuite afterSuite -->
  <testcase classname="Pages.TestBase" name="@AfterSuite afterSuite" time="0.0">
    <ignored/>
  </testcase> <!-- @AfterSuite afterSuite -->
  <testcase classname="Pages.TestBase" name="@AfterSuite afterSuite" time="0.0">
    <ignored/>
  </testcase> <!-- @AfterSuite afterSuite -->
  <testcase classname="Pages.TestBase" name="@BeforeSuite beforeSuite" time="0.0">
    <ignored/>
  </testcase> <!-- @BeforeSuite beforeSuite -->
  <testcase classname="Pages.TestBase" name="@AfterSuite afterSuite" time="0.0">
    <ignored/>
  </testcase> <!-- @AfterSuite afterSuite -->
  <testcase classname="Pages.TestBase" name="@AfterSuite afterSuite" time="0.0">
    <ignored/>
  </testcase> <!-- @AfterSuite afterSuite -->
  <testcase classname="Pages.TestBase" name="@AfterSuite afterSuite" time="0.0">
    <ignored/>
  </testcase> <!-- @AfterSuite afterSuite -->
  <testcase classname="Pages.TestBase" name="@BeforeSuite beforeSuite" time="0.0">
    <ignored/>
  </testcase> <!-- @BeforeSuite beforeSuite -->
  <testcase classname="Pages.TestBase" name="@BeforeSuite beforeSuite" time="0.0">
    <ignored/>
  </testcase> <!-- @BeforeSuite beforeSuite -->
  <testcase classname="Pages.TestBase" name="@AfterSuite afterSuite" time="0.0">
    <ignored/>
  </testcase> <!-- @AfterSuite afterSuite -->
  <testcase classname="Pages.TestBase" name="@AfterSuite afterSuite" time="0.0">
    <ignored/>
  </testcase> <!-- @AfterSuite afterSuite -->
  <testcase classname="Pages.TestBase" name="@BeforeSuite beforeSuite" time="0.0">
    <ignored/>
  </testcase> <!-- @BeforeSuite beforeSuite -->
  <testcase classname="Pages.TestBase" name="@AfterSuite afterSuite" time="0.0">
    <ignored/>
  </testcase> <!-- @AfterSuite afterSuite -->
  <testcase classname="Pages.TestBase" name="@BeforeSuite beforeSuite" time="0.0">
    <ignored/>
  </testcase> <!-- @BeforeSuite beforeSuite -->
  <testcase classname="Pages.TestBase" name="@BeforeSuite beforeSuite" time="0.0">
    <ignored/>
  </testcase> <!-- @BeforeSuite beforeSuite -->
  <testcase classname="Pages.TestBase" name="@AfterSuite afterSuite" time="0.0">
    <ignored/>
  </testcase> <!-- @AfterSuite afterSuite -->
  <testcase classname="Pages.TestBase" name="@BeforeSuite beforeSuite" time="0.0">
    <ignored/>
  </testcase> <!-- @BeforeSuite beforeSuite -->
  <testcase classname="Pages.TestBase" name="@BeforeSuite beforeSuite" time="0.0">
    <ignored/>
  </testcase> <!-- @BeforeSuite beforeSuite -->
  <testcase classname="Pages.TestBase" name="@AfterSuite afterSuite" time="0.0">
    <ignored/>
  </testcase> <!-- @AfterSuite afterSuite -->
</testsuite> <!-- Test -->
