<?xml version="1.0" encoding="UTF-8"?>
<testsuite xmlns:xsi="http://www.w3.org/2001/XMLSchema-instance" xsi:noNamespaceSchemaLocation="https://maven.apache.org/surefire/maven-surefire-plugin/xsd/surefire-test-report.xsd" name="TestSuite" time="642.801" tests="20" errors="0" skipped="0" failures="0">
  <properties>
[...]
</properties>
  <testcase name="testGroceryPage" classname="tests.GroceryTestPage" time="24.203"/>
  <testcase name="testMobilePage" classname="tests.MobilePageTest" time="20.386"/>
  <testcase name="testSellerPage" classname="tests.SellerTestPage" time="64.905"/>
  <testcase name="testSignUp" classname="tests.SignupTest" time="20.659"/>
  <testcase name="testViewCartPage" classname="tests.ViewCartTest" time="18.964"/>
  <testcase name="testTravelPage" classname="tests.TravelTestPage" time="20.448"/>
  <testcase name="testAppliancesPage" classname="tests.AppliancesTestPage" time="20.931"/>
  <testcase name="testLogin" classname="tests.LoginTest" time="21.618"/>
  <testcase name="testSearch" classname="tests.TestScenario4" time="34.423"/>
  <testcase name="testBackToTome" classname="tests.TestScenario4" time="20.201"/>
  <testcase name="testClearTrip" classname="tests.TestScenario4" time="17.108"/>
  <testcase name="testGiftCards" classname="tests.TestScenario4" time="21.805"/>
  <testcase name="testCancellation" classname="tests.TestScenario4" time="20.023"/>
  <testcase name="testShopsy" classname="tests.TestScenario3" time="49.323"/>
  <testcase name="testNotification" classname="tests.TestScenario3" time="21.576"/>
  <testcase name="testMyntraPage" classname="tests.TestScenario3" time="17.871"/>
  <testcase name="testTermsOfUseLink" classname="tests.TestScenario3" time="18.246"/>
  <testcase name="testOfferZone" classname="tests.TestScenario3" time="22.832"/>
  <testcase name="testSearch" classname="tests.AddtocartTest" time="64.706"/>
  <testcase name="testSearch" classname="tests.SearchProduct" time="35.364"/>
</testsuite>